
ASEM-51 V1.3                                         Copyright (c) 2002 by W.W. Heinz                                         PAGE 1





       MCS-51 Family Macro Assembler   A S E M - 5 1   V 1.3
       =====================================================



	Source File:	C:\Users\ABDUL AZIZ\Desktop\8051 CODES\DIFFERENCE.asm
	Object File:	C:\Users\ABDUL AZIZ\Desktop\8051 CODES\DIFFERENCE.hex
	List File:	C:\Users\ABDUL AZIZ\Desktop\8051 CODES\DIFFERENCE.lst



 Line  I  Addr  Code            Source

    1:				; [+] Loading Matrices
    2:		N      0060	ORG 60H
    3:	  0060	01 02 03 04	MATRIXA: DB 1,2,3,4,5,6,7,8,9
	  0064	05 06 07 08
	  0068	09
    4:		N      0070	ORG 70H
    5:	  0070	01 02 03 04	MATRIXB: DB 1,2,3,4,5,6,7,8,9
	  0074	05 06 07 08
	  0078	09
    6:		N      0080	ORG 80H
    7:	  0080	00 03 06 01	TRANSPO_MATRIX: DB 0,3,6,1,4,7,2,5,8
	  0084	04 07 02 05
	  0088	08
    8:				; [+] STARTING THE PROGRAM
    9:		N      0000	ORG 0H
   10:
   11:
   12:
   13:
   14:				;DIFFERENCE
   15:
   16:
   17:				; Add the first and second set of numbers and store the result
   18:	  0000	7D 60		MOV R5, #60H        ; Start at memory address 50h (first set)
   19:	  0002	7E 70		MOV R6, #70H        ; Start at memory address 59h (second set)
   20:
   21:
   22:	  0004	7A 09		MOV R2, #09H
   23:	  0006	78 60		MOV R0,#60h
   24:	  0008			LOOP:
   25:
   26:	  0008	ED		    MOV A,R5
   27:	  0009	93		    MOVC A,@A+DPTR
   28:	  000A	FB		    MOV R3,A
   29:
   30:	  000B	EE		    MOV A,R6
   31:	  000C	93		    MOVC A,@A+DPTR
   32:
   33:	  000D	9B		    SUBB A, R3       ; Add the corresponding number from the second set
   34:	  000E	F6		    MOV @R0, A       ; Store the result in the result set
   35:	  000F	08		    INC R0           ; Move to the next memory address in the first set
   36:	  0010	09		    INC R1           ; Move to the next memory address in the second set
   37:	  0011	0D		    INC R5

ASEM-51 V1.3                                         Copyright (c) 2002 by W.W. Heinz                                         PAGE 2



 Line  I  Addr  Code            Source

   38:	  0012	0E		    INC R6
   39:	  0013	DA F3		    DJNZ R2, LOOP   ; Repeat until 9 numbers are added
   40:				END





                     register banks used:  ---

                     no errors




ASEM-51 V1.3                                         Copyright (c) 2002 by W.W. Heinz                                         PAGE 3





	       L I S T   O F   S Y M B O L S
	       =============================


SYMBOL				  TYPE     VALUE	LINE
------------------------------------------------------------
??ASEM_51			  NUMBER    8051
??VERSION			  NUMBER    0130
AC				  BIT	      D6
ACC				  DATA	      E0
B				  DATA	      F0
CY				  BIT	      D7
DPH				  DATA	      83
DPL				  DATA	      82
EA				  BIT	      AF
ES				  BIT	      AC
ET0				  BIT	      A9
ET1				  BIT	      AB
EX0				  BIT	      A8
EX1				  BIT	      AA
EXTI0				  CODE	    0003
EXTI1				  CODE	    0013
F0				  BIT	      D5
IE				  DATA	      A8
IE0				  BIT	      89
IE1				  BIT	      8B
INT0				  BIT	      B2
INT1				  BIT	      B3
IP				  DATA	      B8
IT0				  BIT	      88
IT1				  BIT	      8A
LOOP				  CODE	    0008	  24
MATRIXA				  CODE	    0060	   3
MATRIXB				  CODE	    0070	   5
OV				  BIT	      D2
P				  BIT	      D0
P0				  DATA	      80
P1				  DATA	      90
P2				  DATA	      A0
P3				  DATA	      B0
PCON				  DATA	      87
PS				  BIT	      BC
PSW				  DATA	      D0
PT0				  BIT	      B9
PT1				  BIT	      BB
PX0				  BIT	      B8
PX1				  BIT	      BA
RB8				  BIT	      9A
RD				  BIT	      B7
REN				  BIT	      9C
RESET				  CODE	    0000
RI				  BIT	      98
RS0				  BIT	      D3
RS1				  BIT	      D4
RXD				  BIT	      B0
SBUF				  DATA	      99

ASEM-51 V1.3                                         Copyright (c) 2002 by W.W. Heinz                                         PAGE 4



SYMBOL				  TYPE     VALUE	LINE
------------------------------------------------------------
SCON				  DATA	      98
SINT				  CODE	    0023
SM0				  BIT	      9F
SM1				  BIT	      9E
SM2				  BIT	      9D
SP				  DATA	      81
T0				  BIT	      B4
T1				  BIT	      B5
TB8				  BIT	      9B
TCON				  DATA	      88
TF0				  BIT	      8D
TF1				  BIT	      8F
TH0				  DATA	      8C
TH1				  DATA	      8D
TI				  BIT	      99
TIMER0				  CODE	    000B
TIMER1				  CODE	    001B
TL0				  DATA	      8A
TL1				  DATA	      8B
TMOD				  DATA	      89
TR0				  BIT	      8C
TR1				  BIT	      8E
TRANSPO_MATRIX			  CODE	    0080	   7
TXD				  BIT	      B1
WR				  BIT	      B6
