
ASEM-51 V1.3                                         Copyright (c) 2002 by W.W. Heinz                                         PAGE 1





       MCS-51 Family Macro Assembler   A S E M - 5 1   V 1.3
       =====================================================



	Source File:	C:\Users\ABDUL AZIZ\Desktop\8051 CODES\MULTIPLICATION.asm
	Object File:	C:\Users\ABDUL AZIZ\Desktop\8051 CODES\MULTIPLICATION.hex
	List File:	C:\Users\ABDUL AZIZ\Desktop\8051 CODES\MULTIPLICATION.lst



 Line  I  Addr  Code            Source

    1:		N      0400	ORG 400H
    2:	  0400	04 06 08 01	MATRIXA: DB 4, 6,8, 1, 3, 6,9, 3, 2
	  0404	03 06 09 03
	  0408	02
    3:		N      0410	ORG 410H
    4:	  0410	02 04 07 04	MATRIXB: DB 2, 4, 7, 4, 5, 7, 3, 1, 1
	  0414	05 07 03 01
	  0418	01
    5:		N      0420	ORG 420H
    6:	  0420	01 03 04 08	MATRIXC: DB 1, 3, 4,8, 7,5, 3, 8,9
	  0424	07 05 03 08
	  0428	09
    7:		N      0430	ORG 430H
    8:	  0430	00 00 00 00	RESULT: DB 0, 0, 0, 0, 0, 0, 0, 0, 0
	  0434	00 00 00 00
	  0438	00
    9:		N      0440	ORG 440H
   10:	  0440	00 00 00 00	SIGR: DB 0, 0, 0, 0, 0, 0, 0, 0, 0
	  0444	00 00 00 00
	  0448	00
   11:		N      0000	ORG 00H
   12:	  0000	7A 03		MOV R2,#3 ; counter for looping every row in MATRIXB
   13:	  0002			LOOP1:
   14:	  0002	79 03		MOV R1,#3 ; counter for looping every column in MATRIXC
   15:	  0004			LOOP2:
   16:	  0004	C3		CLR C ; genrate pointer to MATRIXC
   17:	  0005	74 03		MOV A,#3
   18:	  0007	99		SUBB A,R1
   19:	  0008	FC		MOV R4,A
   20:	  0009	C3		CLR C ; genrate pointer to MATRIXB
   21:	  000A	74 03		MOV A,#3
   22:	  000C	9A		SUBB A,R2
   23:	  000D	75 F0 03	MOV B,#3
   24:	  0010	A4		MUL AB
   25:	  0011	FB		MOV R3,A
   26:	  0012	78 03		MOV R0,#3 ; counter for b[i,j]*c[i,j]
   27:	  0014	7D 00		MOV R5,#0 ; sum of b[i,j]*c[i,j]
   28:	  0016			LOOP3:
   29:	  0016	90 04 10	MOV DPTR, #MATRIXB ; load b[i,j]
   30:	  0019	EB		MOV A,R3
   31:	  001A	93		MOVC A,@A+DPTR
   32:	  001B	F5 F0		MOV B,A
   33:	  001D	90 04 20	MOV DPTR, #MATRIXC ; load c[i,j]

ASEM-51 V1.3                                         Copyright (c) 2002 by W.W. Heinz                                         PAGE 2



 Line  I  Addr  Code            Source

   34:	  0020	EC		MOV A,R4
   35:	  0021	93		MOVC A,@A+DPTR
   36:	  0022	A4		MUL AB ; b[i,j]*c[i,j]
   37:	  0023	2D		ADD A,R5 ; calculate sum of b[i,j]*c[i,j]
   38:	  0024	FD		MOV R5,A ; store the sum
   39:	  0025	0B		INC R3 ; point to next b[i,j]
   40:	  0026	EC		MOV A,R4 ; point to next c[i,j]
   41:	  0027	24 03		ADD A,#3
   42:	  0029	FC		MOV R4,A
   43:	  002A	D8 EA		DJNZ R0,LOOP3
   44:	  002C	D9 D6		DJNZ R1,LOOP2
   45:	  002E	DA D2		DJNZ R2,LOOP1
   46:				END





                     register banks used:  ---

                     no errors




ASEM-51 V1.3                                         Copyright (c) 2002 by W.W. Heinz                                         PAGE 3





	       L I S T   O F   S Y M B O L S
	       =============================


SYMBOL				  TYPE     VALUE	LINE
------------------------------------------------------------
??ASEM_51			  NUMBER    8051
??VERSION			  NUMBER    0130
AC				  BIT	      D6
ACC				  DATA	      E0
B				  DATA	      F0
CY				  BIT	      D7
DPH				  DATA	      83
DPL				  DATA	      82
EA				  BIT	      AF
ES				  BIT	      AC
ET0				  BIT	      A9
ET1				  BIT	      AB
EX0				  BIT	      A8
EX1				  BIT	      AA
EXTI0				  CODE	    0003
EXTI1				  CODE	    0013
F0				  BIT	      D5
IE				  DATA	      A8
IE0				  BIT	      89
IE1				  BIT	      8B
INT0				  BIT	      B2
INT1				  BIT	      B3
IP				  DATA	      B8
IT0				  BIT	      88
IT1				  BIT	      8A
LOOP1				  CODE	    0002	  13
LOOP2				  CODE	    0004	  15
LOOP3				  CODE	    0016	  28
MATRIXA				  CODE	    0400	   2
MATRIXB				  CODE	    0410	   4
MATRIXC				  CODE	    0420	   6
OV				  BIT	      D2
P				  BIT	      D0
P0				  DATA	      80
P1				  DATA	      90
P2				  DATA	      A0
P3				  DATA	      B0
PCON				  DATA	      87
PS				  BIT	      BC
PSW				  DATA	      D0
PT0				  BIT	      B9
PT1				  BIT	      BB
PX0				  BIT	      B8
PX1				  BIT	      BA
RB8				  BIT	      9A
RD				  BIT	      B7
REN				  BIT	      9C
RESET				  CODE	    0000
RESULT				  CODE	    0430	   8
RI				  BIT	      98

ASEM-51 V1.3                                         Copyright (c) 2002 by W.W. Heinz                                         PAGE 4



SYMBOL				  TYPE     VALUE	LINE
------------------------------------------------------------
RS0				  BIT	      D3
RS1				  BIT	      D4
RXD				  BIT	      B0
SBUF				  DATA	      99
SCON				  DATA	      98
SIGR				  CODE	    0440	  10
SINT				  CODE	    0023
SM0				  BIT	      9F
SM1				  BIT	      9E
SM2				  BIT	      9D
SP				  DATA	      81
T0				  BIT	      B4
T1				  BIT	      B5
TB8				  BIT	      9B
TCON				  DATA	      88
TF0				  BIT	      8D
TF1				  BIT	      8F
TH0				  DATA	      8C
TH1				  DATA	      8D
TI				  BIT	      99
TIMER0				  CODE	    000B
TIMER1				  CODE	    001B
TL0				  DATA	      8A
TL1				  DATA	      8B
TMOD				  DATA	      89
TR0				  BIT	      8C
TR1				  BIT	      8E
TXD				  BIT	      B1
WR				  BIT	      B6
