
ASEM-51 V1.3                                         Copyright (c) 2002 by W.W. Heinz                                         PAGE 1





       MCS-51 Family Macro Assembler   A S E M - 5 1   V 1.3
       =====================================================



	Source File:	C:\Users\ABDUL AZIZ\Desktop\8051 CODES\SUMMATION.asm
	Object File:	C:\Users\ABDUL AZIZ\Desktop\8051 CODES\SUMMATION.hex
	List File:	C:\Users\ABDUL AZIZ\Desktop\8051 CODES\SUMMATION.lst



 Line  I  Addr  Code            Source

    1:				; [+] Loading Matrices
    2:		N      0060	ORG 60H
    3:	  0060	A2 13 03 51	MATRIXA: DB 162, 19, 3, 81, 2, 32, 35, 180, 23
	  0064	02 20 23 B4
	  0068	17
    4:		N      0070	ORG 70H
    5:	  0070	61 24 3E 04	MATRIXB: DB 97, 36, 62, 4, 125, 243,72,100,227
	  0074	7D F3 48 64
	  0078	E3
    6:
    7:				; [+] STARTING THE PROGRAM
    8:		N      0000	ORG 0H
    9:
   10:
   11:
   12:				;SUMMATION
   13:	  0000	90 00 00	MOV DPTR, #0H
   14:
   15:				; Add the first and second set of numbers and store the result
   16:	  0003	7D 60		MOV R5, #60H        ; Start at memory address 50h (first set)
   17:	  0005	7E 70		MOV R6, #70H        ; Start at memory address 59h (second set)
   18:
   19:
   20:	  0007	7A 09		MOV R2, #09H
   21:	  0009	78 30		MOV R0,#30h
   22:	  000B			LOOP2:
   23:
   24:	  000B	ED		    MOV A,R5 ; Jumping to R5 Address #60h
   25:	  000C	93		    MOVC A,@A+DPTR ; Return to DPTR initial address #0h
   26:	  000D	FB		    MOV R3,A
   27:
   28:	  000E	EE		    MOV A,R6         ;
   29:	  000F	93		    MOVC A,@A+DPTR
   30:
   31:	  0010	2B		    ADD A, R3       ; Add the corresponding number from the second set
   32:	  0011	F6		    MOV @R0, A       ; Store the result in the result set
   33:	  0012	08		    INC R0           ; Move to the next memory address in the first set
   34:	  0013	09		    INC R1           ; Move to the next memory address in the second set
   35:	  0014	0D		    INC R5
   36:	  0015	0E		    INC R6
   37:	  0016	DA F3		    DJNZ R2, LOOP2   ; Repeat until 9 numbers are added
   38:				END


ASEM-51 V1.3                                         Copyright (c) 2002 by W.W. Heinz                                         PAGE 2







                     register banks used:  ---

                     no errors




ASEM-51 V1.3                                         Copyright (c) 2002 by W.W. Heinz                                         PAGE 3





	       L I S T   O F   S Y M B O L S
	       =============================


SYMBOL				  TYPE     VALUE	LINE
------------------------------------------------------------
??ASEM_51			  NUMBER    8051
??VERSION			  NUMBER    0130
AC				  BIT	      D6
ACC				  DATA	      E0
B				  DATA	      F0
CY				  BIT	      D7
DPH				  DATA	      83
DPL				  DATA	      82
EA				  BIT	      AF
ES				  BIT	      AC
ET0				  BIT	      A9
ET1				  BIT	      AB
EX0				  BIT	      A8
EX1				  BIT	      AA
EXTI0				  CODE	    0003
EXTI1				  CODE	    0013
F0				  BIT	      D5
IE				  DATA	      A8
IE0				  BIT	      89
IE1				  BIT	      8B
INT0				  BIT	      B2
INT1				  BIT	      B3
IP				  DATA	      B8
IT0				  BIT	      88
IT1				  BIT	      8A
LOOP2				  CODE	    000B	  22
MATRIXA				  CODE	    0060	   3
MATRIXB				  CODE	    0070	   5
OV				  BIT	      D2
P				  BIT	      D0
P0				  DATA	      80
P1				  DATA	      90
P2				  DATA	      A0
P3				  DATA	      B0
PCON				  DATA	      87
PS				  BIT	      BC
PSW				  DATA	      D0
PT0				  BIT	      B9
PT1				  BIT	      BB
PX0				  BIT	      B8
PX1				  BIT	      BA
RB8				  BIT	      9A
RD				  BIT	      B7
REN				  BIT	      9C
RESET				  CODE	    0000
RI				  BIT	      98
RS0				  BIT	      D3
RS1				  BIT	      D4
RXD				  BIT	      B0
SBUF				  DATA	      99

ASEM-51 V1.3                                         Copyright (c) 2002 by W.W. Heinz                                         PAGE 4



SYMBOL				  TYPE     VALUE	LINE
------------------------------------------------------------
SCON				  DATA	      98
SINT				  CODE	    0023
SM0				  BIT	      9F
SM1				  BIT	      9E
SM2				  BIT	      9D
SP				  DATA	      81
T0				  BIT	      B4
T1				  BIT	      B5
TB8				  BIT	      9B
TCON				  DATA	      88
TF0				  BIT	      8D
TF1				  BIT	      8F
TH0				  DATA	      8C
TH1				  DATA	      8D
TI				  BIT	      99
TIMER0				  CODE	    000B
TIMER1				  CODE	    001B
TL0				  DATA	      8A
TL1				  DATA	      8B
TMOD				  DATA	      89
TR0				  BIT	      8C
TR1				  BIT	      8E
TXD				  BIT	      B1
WR				  BIT	      B6
